2024-11-15 11:15:38,418 - app.core.logging - INFO - New user registered: user@example.com
2024-11-15 11:16:08,235 - app.core.logging - WARNING - Attempt to register with an existing email: user@example.com
2024-11-15 11:16:11,842 - app.core.logging - INFO - New user registered: user1@example.com
2024-11-15 11:36:00,349 - app.core.logging - INFO - New role created: admin
2024-11-15 11:36:33,825 - app.core.logging - INFO - New gender created: Male
2024-11-15 11:45:00,643 - app.core.logging - INFO - New gender created: Famale
2024-11-15 11:45:05,505 - app.core.logging - INFO - New gender created: Male
2024-11-15 11:45:11,938 - app.core.logging - INFO - New role created: admin
2024-11-15 11:45:15,362 - app.core.logging - INFO - New role created: user
2024-11-15 11:51:07,476 - app.core.logging - INFO - New gender created: Male
2024-11-15 11:51:10,275 - app.core.logging - INFO - New role created: user
2024-11-15 12:04:03,940 - app.core.logging - INFO - New gender created: Male
2024-11-15 12:04:08,462 - app.core.logging - INFO - New role created: user
2024-11-15 12:30:41,251 - app.core.logging - INFO - New gender created: Male
2024-11-15 12:30:43,852 - app.core.logging - INFO - New role created: admin
2024-11-15 12:35:37,240 - app.core.logging - INFO - New role created: admin
2024-11-15 12:35:39,898 - app.core.logging - INFO - New gender created: Male
2024-11-15 12:43:22,827 - app.core.logging - INFO - New gender created: Male
2024-11-15 12:43:25,423 - app.core.logging - INFO - New role created: admin
2024-11-15 12:44:35,778 - app.core.logging - INFO - New gender created: Male
2024-11-15 12:44:40,291 - app.core.logging - INFO - New role created: admin
2024-11-15 12:48:32,722 - app.core.logging - INFO - New gender created: Male
2024-11-15 12:48:36,452 - app.core.logging - INFO - New role created: admin
2024-11-15 15:19:22,380 - app.core.logging - INFO - New gender created: Male
2024-11-15 15:19:25,582 - app.core.logging - INFO - New role created: admin
2024-11-15 15:27:58,115 - app.core.logging - INFO - New role created: admin
2024-11-15 15:28:01,102 - app.core.logging - INFO - New gender created: Male
2024-11-15 15:43:10,684 - app.core.logging - INFO - New gender created: Male
2024-11-15 15:43:13,583 - app.core.logging - INFO - New role created: admin
2024-11-15 15:50:40,150 - app.core.logging - INFO - New gender created: Male
2024-11-15 15:50:42,824 - app.core.logging - INFO - New role created: admin
2024-11-15 16:18:32,554 - app.core.logging - INFO - New gender created: Male
2024-11-15 16:18:35,641 - app.core.logging - INFO - New role created: admin
2024-11-15 16:23:13,755 - app.core.logging - INFO - New gender created: Male
2024-11-15 16:23:16,398 - app.core.logging - INFO - New role created: admin
2024-11-15 16:53:58,433 - app.core.logging - INFO - New gender created: Male
2024-11-15 16:54:01,138 - app.core.logging - INFO - New role created: admin
2024-11-15 19:57:19,042 - app.core.logging - INFO - New gender created: Male
2024-11-15 19:57:22,233 - app.core.logging - INFO - New role created: admin
2024-11-15 19:58:07,699 - app.core.logging - INFO - Supplier created: Fresh Farms3
2024-11-15 20:03:51,843 - app.core.logging - INFO - Brand created: Nike
2024-11-15 20:04:42,776 - app.core.logging - INFO - Category created: Electronics
2024-11-15 20:05:24,505 - app.core.logging - INFO - Color created: Red
2024-11-15 20:06:01,564 - app.core.logging - INFO - Model created: iPhone
2024-11-15 20:07:32,737 - app.core.logging - INFO - Supplier created: ABC Corp
2024-11-15 20:08:13,245 - app.core.logging - INFO - Unit created: Kilogram
2024-11-15 20:26:18,430 - app.core.logging - INFO - Stock status created: StockStatusEnum.active
2024-11-15 20:28:52,968 - app.core.logging - INFO - Stock status created: In Stock
2024-11-15 20:33:20,360 - app.core.logging - INFO - Supplier created: ABC Corp2
2024-11-15 21:00:32,385 - app.core.logging - INFO - Supplier created: ABC Corp2
2024-11-15 21:01:15,549 - app.core.logging - INFO - Supplier created: ABC Corp
2024-11-15 23:29:57,254 - app.core.logging - INFO - Supplier created: ABC Corp
2024-11-15 23:31:31,248 - app.core.logging - INFO - New role created: admin
2024-11-15 23:31:41,113 - app.core.logging - INFO - New gender created: Male
2024-11-15 23:31:54,058 - app.core.logging - INFO - Unit created: Kilogram
2024-11-15 23:33:58,286 - app.core.logging - INFO - Brand created: Nike
2024-11-15 23:34:03,294 - app.core.logging - INFO - Color created: Red
2024-11-15 23:34:07,515 - app.core.logging - INFO - Model created: iPhone
2024-11-15 23:34:11,728 - app.core.logging - INFO - Stock status created: In Stock
2024-11-15 23:34:15,225 - app.core.logging - INFO - Category created: Electronics
2024-11-16 10:33:29,282 - app.core.logging - INFO - Brand created: Nike
2024-11-16 10:33:32,795 - app.core.logging - INFO - Color created: Red
2024-11-16 10:33:36,506 - app.core.logging - INFO - Model created: iPhone
2024-11-16 10:33:40,262 - app.core.logging - INFO - Stock status created: In Stock
2024-11-16 10:33:43,851 - app.core.logging - INFO - Category created: Electronics
2024-11-16 10:33:46,847 - app.core.logging - INFO - Unit created: Kilogram
2024-11-16 10:33:50,411 - app.core.logging - INFO - Supplier created: ABC Corp
2024-11-16 10:33:53,264 - app.core.logging - INFO - New role created: admin
2024-11-16 10:33:57,282 - app.core.logging - INFO - New gender created: Male
2024-11-16 10:47:22,944 - app.core.logging - INFO - Brand created: Nike
2024-11-16 10:47:26,134 - app.core.logging - INFO - Color created: Red
2024-11-16 10:47:29,720 - app.core.logging - INFO - Model created: iPhone
2024-11-16 10:47:32,789 - app.core.logging - INFO - Stock status created: In Stock
2024-11-16 10:47:36,855 - app.core.logging - INFO - Category created: Electronics
2024-11-16 10:47:39,975 - app.core.logging - INFO - Unit created: Kilogram
2024-11-16 10:47:42,590 - app.core.logging - INFO - Supplier created: ABC Corp
2024-11-16 10:47:45,601 - app.core.logging - INFO - New role created: admin
2024-11-16 10:47:48,448 - app.core.logging - INFO - New gender created: Male
2024-11-16 10:55:03,528 - app.core.logging - INFO - Brand created: Nike
2024-11-16 10:55:05,997 - app.core.logging - INFO - Color created: Red
2024-11-16 10:55:08,709 - app.core.logging - INFO - Model created: iPhone
2024-11-16 10:55:11,733 - app.core.logging - INFO - Stock status created: In Stock
2024-11-16 10:55:14,647 - app.core.logging - INFO - Category created: Electronics
2024-11-16 10:55:17,588 - app.core.logging - INFO - Unit created: Kilogram
2024-11-16 10:55:21,254 - app.core.logging - INFO - Supplier created: ABC Corp
2024-11-16 10:55:24,741 - app.core.logging - INFO - New role created: admin
2024-11-16 10:55:28,298 - app.core.logging - INFO - New gender created: Male
2024-11-16 11:29:29,034 - app.core.logging - INFO - Brand created: Nike
2024-11-16 11:29:31,621 - app.core.logging - INFO - Color created: Red
2024-11-16 11:29:35,300 - app.core.logging - INFO - Model created: iPhone
2024-11-16 11:29:38,242 - app.core.logging - INFO - Stock status created: In Stock
2024-11-16 11:29:40,970 - app.core.logging - INFO - Category created: Electronics
2024-11-16 11:29:43,693 - app.core.logging - INFO - Unit created: Kilogram
2024-11-16 11:29:46,324 - app.core.logging - INFO - Supplier created: ABC Corp
2024-11-16 11:29:50,128 - app.core.logging - INFO - New role created: admin
2024-11-16 11:29:53,363 - app.core.logging - INFO - New gender created: Male
2024-11-16 13:47:44,040 - app.core.logging - INFO - New gender created: Male
2024-11-16 13:47:46,586 - app.core.logging - INFO - New role created: admin
2024-11-16 13:47:53,566 - app.core.logging - INFO - Supplier created: ABC Corp
2024-11-16 13:47:56,793 - app.core.logging - INFO - Unit created: Kilogram
2024-11-16 13:48:00,091 - app.core.logging - INFO - Category created: Electronics
2024-11-16 13:48:03,651 - app.core.logging - INFO - Stock status created: In Stock
2024-11-16 13:48:06,770 - app.core.logging - INFO - Model created: iPhone
2024-11-16 13:48:10,034 - app.core.logging - INFO - Color created: Red
2024-11-16 13:48:13,199 - app.core.logging - INFO - Brand created: Nike
2024-11-16 14:23:38,315 - app.core.logging - INFO - Stock status created: In Stock
2024-11-16 14:23:41,821 - app.core.logging - INFO - Category created: Electronics
2024-11-16 14:23:44,527 - app.core.logging - INFO - Unit created: Kilogram
2024-11-16 14:23:46,461 - app.core.logging - INFO - Supplier created: ABC Corp
2024-11-16 14:23:48,549 - app.core.logging - INFO - New role created: admin
2024-11-16 14:23:51,076 - app.core.logging - INFO - New gender created: Male
2024-11-16 14:23:54,128 - app.core.logging - INFO - Model created: iPhone
2024-11-16 14:23:57,389 - app.core.logging - INFO - Color created: Red
2024-11-16 14:23:59,619 - app.core.logging - INFO - Brand created: Nike
2024-11-16 16:23:43,141 - app.core.logging - INFO - New gender created: Male
2024-11-16 16:23:45,959 - app.core.logging - INFO - New role created: admin
2024-11-16 16:23:48,885 - app.core.logging - INFO - Supplier created: ABC Corp
2024-11-16 16:23:51,833 - app.core.logging - INFO - Unit created: Kilogram
2024-11-16 16:23:54,750 - app.core.logging - INFO - Category created: Electronics
2024-11-16 16:23:57,280 - app.core.logging - INFO - Stock status created: In Stock
2024-11-16 16:24:00,400 - app.core.logging - INFO - Model created: iPhone
2024-11-16 16:24:03,697 - app.core.logging - INFO - Color created: Red
2024-11-16 16:24:06,331 - app.core.logging - INFO - Brand created: Nike
2024-11-17 10:57:15,509 - app.core.logging - INFO - Brand created: Nike
2024-11-17 10:57:18,769 - app.core.logging - INFO - Color created: Red
2024-11-17 10:57:22,049 - app.core.logging - INFO - Model created: iPhone
2024-11-17 10:57:25,551 - app.core.logging - INFO - Stock status created: In Stock
2024-11-17 10:57:28,487 - app.core.logging - INFO - Category created: Electronics
2024-11-17 10:57:31,407 - app.core.logging - INFO - Unit created: Kilogram
2024-11-17 10:57:35,356 - app.core.logging - INFO - Supplier created: ABC Corp
2024-11-17 10:57:37,987 - app.core.logging - INFO - New role created: admin
2024-11-17 10:57:40,742 - app.core.logging - INFO - New gender created: Male
2024-11-17 16:53:57,573 - app.core.logging - INFO - New gender created: Male
2024-11-17 16:53:59,910 - app.core.logging - INFO - New role created: admin
2024-11-17 16:58:21,953 - app.core.logging - INFO - New gender created: Male
2024-11-17 16:58:24,321 - app.core.logging - INFO - New role created: admin
2024-11-17 17:01:10,574 - app.core.logging - INFO - New gender created: Male
2024-11-17 17:01:13,587 - app.core.logging - INFO - New role created: admin
2024-11-17 17:03:04,833 - app.core.logging - INFO - New gender created: Male
2024-11-17 17:03:07,314 - app.core.logging - INFO - New role created: admin
2024-11-17 17:08:29,961 - app.core.logging - INFO - New gender created: Male
2024-11-17 17:08:32,052 - app.core.logging - INFO - New role created: admin
2024-11-17 17:14:58,154 - app.core.logging - INFO - New role created: admin
2024-11-17 17:15:01,553 - app.core.logging - INFO - New gender created: Male
